<?xml version="1.0" encoding="UTF-8"?>
<testsuite name="distance.LevensteinDistanceTest" tests="1" skipped="0" failures="0" errors="0" timestamp="2021-04-26T22:20:10" hostname="tally_polyan.moscow.alfaintra.net" time="0.012">
  <properties/>
  <testcase name="general Levenstein test" classname="distance.LevensteinDistanceTest" time="0.012"/>
  <system-out><![CDATA[]]></system-out>
  <system-err><![CDATA[]]></system-err>
</testsuite>
